Arguments: 
  C:\Program Files\nodejs\node.exe C:\Program Files (x86)\Yarn\bin\yarn.js add @material-ui/lab/AdapterMoment

PATH: 
  C:\Program Files\AdoptOpenJDK\jdk-11.0.11.9-hotspot\bin;C:\gurobi911\win64\bin;C:\Program Files\AdoptOpenJDK\jdk-8.0.262.10-hotspot\bin;C:\Program Files\Microsoft MPI\Bin\;C:\Windows\system32;C:\Windows;C:\Windows\System32\Wbem;C:\Windows\System32\WindowsPowerShell\v1.0\;C:\Windows\System32\OpenSSH\;C:\Program Files\NVIDIA Corporation\NVIDIA NvDLISR;C:\Program Files (x86)\NVIDIA Corporation\PhysX\Common;C:\Program Files\MiKTeX 2.9\miktex\bin\x64\;C:\Program Files (x86)\Wolfram Research\WolframScript\;C:\Android;C:\ProgramData\chocolatey\bin;C:\WINDOWS\system32;C:\WINDOWS;C:\WINDOWS\System32\Wbem;C:\WINDOWS\System32\WindowsPowerShell\v1.0\;C:\WINDOWS\System32\OpenSSH\;C:\Program Files\nodejs\;C:\Program Files (x86)\sbt\bin;C:\Program Files\Docker\Docker\resources\bin;C:\ProgramData\DockerDesktop\version-bin;C:\Program Files (x86)\Yarn\bin\;C:\Program Files\Git\cmd;C:\Users\Christian Segercrant\AppData\Local\Programs\Python\Python39\Scripts\;C:\Users\Christian Segercrant\AppData\Local\Programs\Python\Python39\;C:\Users\Christian Segercrant\AppData\Local\Microsoft\WindowsApps;C:\Users\Christian Segercrant\AppData\Roaming\Dashlane\6.1907.0.17833\bin\Firefox_Extension\{442718d9-475e-452a-b3e1-fb1ee16b8e9f}\components;C:\Users\Christian Segercrant\AppData\Roaming\Dashlane\6.1907.0.17833\ucrt;C:\Users\Christian Segercrant\AppData\Roaming\Dashlane\6.1907.0.17833\bin\Qt;C:\Users\Christian Segercrant\AppData\Roaming\Dashlane\6.1907.0.17833\bin\Ssl;C:\Users\Christian Segercrant\AppData\Local\GitHubDesktop\bin;C:\Program Files (x86)\FAHClient;C:\Users\Christian Segercrant\AppData\Local\Programs\Microsoft VS Code\bin;C:\Users\Christian Segercrant\AppData\Local\Programs\Python\Python38-32\Lib\site-packages\django\bin;;C:\Users\Christian Segercrant\AppData\Local\Microsoft\WindowsApps;C:\Users\Christian Segercrant\AppData\Roaming\npm;C:\Program Files\heroku\bin;C:\Users\Christian Segercrant\AppData\Local\Yarn\bin

Yarn version: 
  1.22.5

Node version: 
  15.11.0

Platform: 
  win32 x64

Trace: 
  Error: https://registry.yarnpkg.com/@material-ui%2flab/AdapterMoment: Request "https://registry.yarnpkg.com/@material-ui%2flab/AdapterMoment" returned a 405
      at Request.params.callback [as _callback] (C:\Program Files (x86)\Yarn\lib\cli.js:66106:18)
      at Request.self.callback (C:\Program Files (x86)\Yarn\lib\cli.js:140749:22)
      at Request.emit (node:events:378:20)
      at Request.<anonymous> (C:\Program Files (x86)\Yarn\lib\cli.js:141721:10)
      at Request.emit (node:events:378:20)
      at IncomingMessage.<anonymous> (C:\Program Files (x86)\Yarn\lib\cli.js:141643:12)
      at Object.onceWrapper (node:events:484:28)
      at IncomingMessage.emit (node:events:390:22)
      at endReadableNT (node:internal/streams/readable:1307:12)
      at processTicksAndRejections (node:internal/process/task_queues:81:21)

npm manifest: 
  No manifest

yarn manifest: 
  No manifest

Lockfile: 
  # THIS IS AN AUTOGENERATED FILE. DO NOT EDIT THIS FILE DIRECTLY.
  # yarn lockfile v1
